<?xml version="1.0" encoding="UTF-8"?>
<!-- Generated by org.testng.reporters.JUnitReportReporter -->
<testsuite skipped="15" hostname="KULARAJARAK" name="src_FlowDrive.FlowDrive" tests="16" failures="0" timestamp="27 Mar 2018 11:18:57 GMT" time="21.868" errors="1">
  <testcase name="AgreeTermsAndConditions" time="0.000" classname="src_FlowDrive.FlowDrive">
    <skipped/>
  </testcase> <!-- AgreeTermsAndConditions -->
  <testcase name="setUp" time="21.868" classname="src_FlowDrive.FlowDrive">
    <error type="org.openqa.selenium.SessionNotCreatedException" message="A new session could not be created. (Original error: Command failed: C:\WINDOWS\system32\cmd.exe /s /c &quot;C:\Users\rajarak\AppData\Local\Android\Sdk\platform-tools\adb.exe -s adb server version (31) doesn&#039;t match this client (39); killing... wait-for-device&quot;
error: could not install *smartsocket* listener: cannot bind to 127.0.0.1:5037: Only one usage of each socket address (protocol/network address/port) is normally permitted. (10048)

This application has requested the Runtime to terminate it in an unusual way.
Please contact the application&#039;s support team for more information.
could not read ok from ADB Server
* could not start server *
) (WARNING: The server did not provide any stacktrace information)
Command duration or timeout: 21.23 seconds
Build info: version: &#039;3.7.1&#039;, revision: &#039;8a0099a&#039;, time: &#039;2017-11-06T21:07:36.161Z&#039;
System info: host: &#039;KULARAJARAK&#039;, ip: &#039;192.168.1.97&#039;, os.name: &#039;Windows 10&#039;, os.arch: &#039;amd64&#039;, os.version: &#039;10.0&#039;, java.version: &#039;1.8.0_151&#039;
Driver info: driver.version: RemoteWebDriver">
      <![CDATA[org.openqa.selenium.SessionNotCreatedException: A new session could not be created. (Original error: Command failed: C:\WINDOWS\system32\cmd.exe /s /c "C:\Users\rajarak\AppData\Local\Android\Sdk\platform-tools\adb.exe -s adb server version (31) doesn't match this client (39); killing... wait-for-device"
error: could not install *smartsocket* listener: cannot bind to 127.0.0.1:5037: Only one usage of each socket address (protocol/network address/port) is normally permitted. (10048)

This application has requested the Runtime to terminate it in an unusual way.
Please contact the application's support team for more information.
could not read ok from ADB Server
* could not start server *
) (WARNING: The server did not provide any stacktrace information)
Command duration or timeout: 21.23 seconds
Build info: version: '3.7.1', revision: '8a0099a', time: '2017-11-06T21:07:36.161Z'
System info: host: 'KULARAJARAK', ip: '192.168.1.97', os.name: 'Windows 10', os.arch: 'amd64', os.version: '10.0', java.version: '1.8.0_151'
Driver info: driver.version: RemoteWebDriver
	at sun.reflect.NativeConstructorAccessorImpl.newInstance0(Native Method)
	at sun.reflect.NativeConstructorAccessorImpl.newInstance(Unknown Source)
	at sun.reflect.DelegatingConstructorAccessorImpl.newInstance(Unknown Source)
	at java.lang.reflect.Constructor.newInstance(Unknown Source)
	at org.openqa.selenium.remote.ErrorHandler.createThrowable(ErrorHandler.java:214)
	at org.openqa.selenium.remote.ErrorHandler.throwIfResponseFailed(ErrorHandler.java:166)
	at org.openqa.selenium.remote.JsonWireProtocolResponse.lambda$new$0(JsonWireProtocolResponse.java:53)
	at org.openqa.selenium.remote.JsonWireProtocolResponse.lambda$getResponseFunction$2(JsonWireProtocolResponse.java:91)
	at org.openqa.selenium.remote.ProtocolHandshake.lambda$createSession$0(ProtocolHandshake.java:123)
	at java.util.stream.ReferencePipeline$3$1.accept(Unknown Source)
	at java.util.Spliterators$ArraySpliterator.tryAdvance(Unknown Source)
	at java.util.stream.ReferencePipeline.forEachWithCancel(Unknown Source)
	at java.util.stream.AbstractPipeline.copyIntoWithCancel(Unknown Source)
	at java.util.stream.AbstractPipeline.copyInto(Unknown Source)
	at java.util.stream.AbstractPipeline.wrapAndCopyInto(Unknown Source)
	at java.util.stream.FindOps$FindOp.evaluateSequential(Unknown Source)
	at java.util.stream.AbstractPipeline.evaluate(Unknown Source)
	at java.util.stream.ReferencePipeline.findFirst(Unknown Source)
	at org.openqa.selenium.remote.ProtocolHandshake.createSession(ProtocolHandshake.java:126)
	at org.openqa.selenium.remote.ProtocolHandshake.createSession(ProtocolHandshake.java:73)
	at org.openqa.selenium.remote.HttpCommandExecutor.execute(HttpCommandExecutor.java:142)
	at org.openqa.selenium.remote.RemoteWebDriver.execute(RemoteWebDriver.java:600)
	at org.openqa.selenium.remote.RemoteWebDriver.startSession(RemoteWebDriver.java:219)
	at org.openqa.selenium.remote.RemoteWebDriver.<init>(RemoteWebDriver.java:142)
	at org.openqa.selenium.remote.RemoteWebDriver.<init>(RemoteWebDriver.java:155)
	at src_FlowDrive.FlowDrive.setUp(FlowDrive.java:44)
	at sun.reflect.NativeMethodAccessorImpl.invoke0(Native Method)
	at sun.reflect.NativeMethodAccessorImpl.invoke(Unknown Source)
	at sun.reflect.DelegatingMethodAccessorImpl.invoke(Unknown Source)
	at java.lang.reflect.Method.invoke(Unknown Source)
	at org.testng.internal.MethodInvocationHelper.invokeMethod(MethodInvocationHelper.java:108)
	at org.testng.internal.Invoker.invokeConfigurationMethod(Invoker.java:523)
	at org.testng.internal.Invoker.invokeConfigurations(Invoker.java:224)
	at org.testng.internal.Invoker.invokeConfigurations(Invoker.java:146)
	at org.testng.internal.TestMethodWorker.invokeBeforeClassMethods(TestMethodWorker.java:165)
	at org.testng.internal.TestMethodWorker.run(TestMethodWorker.java:105)
	at org.testng.TestRunner.privateRun(TestRunner.java:776)
	at org.testng.TestRunner.run(TestRunner.java:634)
	at org.testng.SuiteRunner.runTest(SuiteRunner.java:425)
	at org.testng.SuiteRunner.runSequentially(SuiteRunner.java:420)
	at org.testng.SuiteRunner.privateRun(SuiteRunner.java:385)
	at org.testng.SuiteRunner.run(SuiteRunner.java:334)
	at org.testng.SuiteRunnerWorker.runSuite(SuiteRunnerWorker.java:52)
	at org.testng.SuiteRunnerWorker.run(SuiteRunnerWorker.java:86)
	at org.testng.TestNG.runSuitesSequentially(TestNG.java:1318)
	at org.testng.TestNG.runSuitesLocally(TestNG.java:1243)
	at org.testng.TestNG.runSuites(TestNG.java:1161)
	at org.testng.TestNG.run(TestNG.java:1129)
	at org.testng.remote.AbstractRemoteTestNG.run(AbstractRemoteTestNG.java:114)
	at org.testng.remote.RemoteTestNG.initAndRun(RemoteTestNG.java:251)
	at org.testng.remote.RemoteTestNG.main(RemoteTestNG.java:77)
]]>
    </error>
  </testcase> <!-- setUp -->
  <testcase name="testLogin" time="0.000" classname="src_FlowDrive.FlowDrive">
    <skipped/>
  </testcase> <!-- testLogin -->
  <testcase name="testTabNavigation" time="0.000" classname="src_FlowDrive.FlowDrive">
    <skipped/>
  </testcase> <!-- testTabNavigation -->
  <testcase name="testTabNavigation2" time="0.000" classname="src_FlowDrive.FlowDrive">
    <skipped/>
  </testcase> <!-- testTabNavigation2 -->
  <testcase name="recordJourney" time="0.000" classname="src_FlowDrive.FlowDrive">
    <skipped/>
  </testcase> <!-- recordJourney -->
  <testcase name="emergencyHelpOptions" time="0.000" classname="src_FlowDrive.FlowDrive">
    <skipped/>
  </testcase> <!-- emergencyHelpOptions -->
  <testcase name="viewSavedjourneydetails" time="0.000" classname="src_FlowDrive.FlowDrive">
    <skipped/>
  </testcase> <!-- viewSavedjourneydetails -->
  <testcase name="modifySavedjourneydetails" time="0.000" classname="src_FlowDrive.FlowDrive">
    <skipped/>
  </testcase> <!-- modifySavedjourneydetails -->
  <testcase name="Mapview" time="0.000" classname="src_FlowDrive.FlowDrive">
    <skipped/>
  </testcase> <!-- Mapview -->
  <testcase name="OverallScoreDetails" time="0.000" classname="src_FlowDrive.FlowDrive">
    <skipped/>
  </testcase> <!-- OverallScoreDetails -->
  <testcase name="IndividualScoreDetails" time="0.000" classname="src_FlowDrive.FlowDrive">
    <skipped/>
  </testcase> <!-- IndividualScoreDetails -->
  <testcase name="MySocialProfile" time="0.000" classname="src_FlowDrive.FlowDrive">
    <skipped/>
  </testcase> <!-- MySocialProfile -->
  <testcase name="changePreferences" time="0.000" classname="src_FlowDrive.FlowDrive">
    <skipped/>
  </testcase> <!-- changePreferences -->
  <testcase name="searchHelp" time="0.000" classname="src_FlowDrive.FlowDrive">
    <skipped/>
  </testcase> <!-- searchHelp -->
  <testcase name="appVersionInAboutPage" time="0.000" classname="src_FlowDrive.FlowDrive">
    <skipped/>
  </testcase> <!-- appVersionInAboutPage -->
</testsuite> <!-- src_FlowDrive.FlowDrive -->
